<?xml version="1.0" encoding="UTF-8"?>
<!-- Generated by org.testng.reporters.JUnitReportReporter -->
<testsuite skipped="0" hostname="DESKTOP-UJFK23I" name="locators.TestClassEx" tests="1" failures="0" timestamp="2021-11-08T14:32:46 IST" time="11.224" errors="0">
  <testcase name="test" time="11.224" classname="locators.TestClassEx"/>
  <system-out/>
</testsuite> <!-- locators.TestClassEx -->
